--2021-03-21 01:55:12--  http://download.cirros-cloud.net/0.4.0/MD5SUMS
Resolving download.cirros-cloud.net (download.cirros-cloud.net)... 64.90.42.85, 2607:f298:6:a036::bd6:a72a
Connecting to download.cirros-cloud.net (download.cirros-cloud.net)|64.90.42.85|:80... connected.
HTTP request sent, awaiting response... 200 OK
Length: 3649 (3.6K)
Saving to: 'STDOUT'

     0K ...                                                   100% 55.9M=0s

2021-03-21 01:55:14 (55.9 MB/s) - written to stdout [3649/3649]

--2021-03-21 01:55:14--  http://download.cirros-cloud.net/0.4.0/cirros-0.4.0-x86_64-disk.img
Resolving download.cirros-cloud.net (download.cirros-cloud.net)... 64.90.42.85, 2607:f298:6:a036::bd6:a72a
Connecting to download.cirros-cloud.net (download.cirros-cloud.net)|64.90.42.85|:80... connected.
HTTP request sent, awaiting response... 302 Found
Location: https://github.com/cirros-dev/cirros/releases/download/0.4.0/cirros-0.4.0-x86_64-disk.img [following]
--2021-03-21 01:55:15--  https://github.com/cirros-dev/cirros/releases/download/0.4.0/cirros-0.4.0-x86_64-disk.img
Resolving github.com (github.com)... 140.82.112.4
Connecting to github.com (github.com)|140.82.112.4|:443... connected.
HTTP request sent, awaiting response... 302 Found
Location: https://github-releases.githubusercontent.com/219785102/b2074f00-411a-11ea-9620-afb551cf9af3?X-Amz-Algorithm=AWS4-HMAC-SHA256&X-Amz-Credential=AKIAIWNJYAX4CSVEH53A%2F20210321%2Fus-east-1%2Fs3%2Faws4_request&X-Amz-Date=20210321T015516Z&X-Amz-Expires=300&X-Amz-Signature=519d0a48ec9143400662335eb5187c6c08ec3e80e22ff70596dbf45938bddb7e&X-Amz-SignedHeaders=host&actor_id=0&key_id=0&repo_id=219785102&response-content-disposition=attachment%3B%20filename%3Dcirros-0.4.0-x86_64-disk.img&response-content-type=application%2Foctet-stream [following]
--2021-03-21 01:55:16--  https://github-releases.githubusercontent.com/219785102/b2074f00-411a-11ea-9620-afb551cf9af3?X-Amz-Algorithm=AWS4-HMAC-SHA256&X-Amz-Credential=AKIAIWNJYAX4CSVEH53A%2F20210321%2Fus-east-1%2Fs3%2Faws4_request&X-Amz-Date=20210321T015516Z&X-Amz-Expires=300&X-Amz-Signature=519d0a48ec9143400662335eb5187c6c08ec3e80e22ff70596dbf45938bddb7e&X-Amz-SignedHeaders=host&actor_id=0&key_id=0&repo_id=219785102&response-content-disposition=attachment%3B%20filename%3Dcirros-0.4.0-x86_64-disk.img&response-content-type=application%2Foctet-stream
Resolving github-releases.githubusercontent.com (github-releases.githubusercontent.com)... 185.199.109.154, 185.199.110.154, 185.199.111.154, ...
Connecting to github-releases.githubusercontent.com (github-releases.githubusercontent.com)|185.199.109.154|:443... connected.
HTTP request sent, awaiting response... 200 OK
Length: 12716032 (12M) [application/octet-stream]
Saving to: '/osbash/img/cirros-0.4.0-x86_64-disk.img'

     0K .......... .......... .......... .......... ..........  0%  876K 14s
    50K .......... .......... .......... .......... ..........  0% 2.19M 10s
   100K .......... .......... .......... .......... ..........  1% 1.03M 10s
   150K .......... .......... .......... .......... ..........  1% 3.61M 9s
   200K .......... .......... .......... .......... ..........  2% 4.81M 7s
   250K .......... .......... .......... .......... ..........  2% 1.51M 7s
   300K .......... .......... .......... .......... ..........  2% 6.01M 7s
   350K .......... .......... .......... .......... ..........  3% 6.03M 6s
   400K .......... .......... .......... .......... ..........  3% 8.26M 5s
   450K .......... .......... .......... .......... ..........  4% 5.84M 5s
   500K .......... .......... .......... .......... ..........  4% 1.47M 5s
   550K .......... .......... .......... .......... ..........  4% 7.43M 5s
   600K .......... .......... .......... .......... ..........  5% 5.10M 5s
   650K .......... .......... .......... .......... ..........  5% 4.01M 5s
   700K .......... .......... .......... .......... ..........  6% 6.26M 4s
   750K .......... .......... .......... .......... ..........  6% 2.06M 4s
   800K .......... .......... .......... .......... ..........  6% 5.78M 4s
   850K .......... .......... .......... .......... ..........  7% 5.16M 4s
   900K .......... .......... .......... .......... ..........  7% 4.99M 4s
   950K .......... .......... .......... .......... ..........  8% 6.50M 4s
  1000K .......... .......... .......... .......... ..........  8% 5.95M 4s
  1050K .......... .......... .......... .......... ..........  8% 2.51M 4s
  1100K .......... .......... .......... .......... ..........  9% 5.80M 4s
  1150K .......... .......... .......... .......... ..........  9% 5.61M 4s
  1200K .......... .......... .......... .......... .......... 10% 5.59M 4s
  1250K .......... .......... .......... .......... .......... 10% 6.12M 3s
  1300K .......... .......... .......... .......... .......... 10% 5.78M 3s
  1350K .......... .......... .......... .......... .......... 11% 2.66M 3s
  1400K .......... .......... .......... .......... .......... 11% 8.34M 3s
  1450K .......... .......... .......... .......... .......... 12% 4.62M 3s
  1500K .......... .......... .......... .......... .......... 12% 5.67M 3s
  1550K .......... .......... .......... .......... .......... 12% 6.29M 3s
  1600K .......... .......... .......... .......... .......... 13% 5.81M 3s
  1650K .......... .......... .......... .......... .......... 13% 6.14M 3s
  1700K .......... .......... .......... .......... .......... 14% 3.27M 3s
  1750K .......... .......... .......... .......... .......... 14% 5.60M 3s
  1800K .......... .......... .......... .......... .......... 14% 5.39M 3s
  1850K .......... .......... .......... .......... .......... 15% 6.13M 3s
  1900K .......... .......... .......... .......... .......... 15% 6.47M 3s
  1950K .......... .......... .......... .......... .......... 16% 6.38M 3s
  2000K .......... .......... .......... .......... .......... 16% 4.09M 3s
  2050K .......... .......... .......... .......... .......... 16% 3.54M 3s
  2100K .......... .......... .......... .......... .......... 17% 7.60M 3s
  2150K .......... .......... .......... .......... .......... 17% 7.20M 3s
  2200K .......... .......... .......... .......... .......... 18% 6.93M 3s
  2250K .......... .......... .......... .......... .......... 18% 5.36M 3s
  2300K .......... .......... .......... .......... .......... 18% 6.19M 3s
  2350K .......... .......... .......... .......... .......... 19% 7.07M 3s
  2400K .......... .......... .......... .......... .......... 19% 3.18M 3s
  2450K .......... .......... .......... .......... .......... 20% 7.00M 2s
  2500K .......... .......... .......... .......... .......... 20% 6.76M 2s
  2550K .......... .......... .......... .......... .......... 20% 6.65M 2s
  2600K .......... .......... .......... .......... .......... 21% 7.36M 2s
  2650K .......... .......... .......... .......... .......... 21% 5.53M 2s
  2700K .......... .......... .......... .......... .......... 22% 7.27M 2s
  2750K .......... .......... .......... .......... .......... 22% 3.08M 2s
  2800K .......... .......... .......... .......... .......... 22% 6.76M 2s
  2850K .......... .......... .......... .......... .......... 23% 7.03M 2s
  2900K .......... .......... .......... .......... .......... 23% 7.14M 2s
  2950K .......... .......... .......... .......... .......... 24% 8.23M 2s
  3000K .......... .......... .......... .......... .......... 24% 7.26M 2s
  3050K .......... .......... .......... .......... .......... 24% 5.85M 2s
  3100K .......... .......... .......... .......... .......... 25% 5.70M 2s
  3150K .......... .......... .......... .......... .......... 25% 3.53M 2s
  3200K .......... .......... .......... .......... .......... 26% 8.02M 2s
  3250K .......... .......... .......... .......... .......... 26% 7.08M 2s
  3300K .......... .......... .......... .......... .......... 26% 7.04M 2s
  3350K .......... .......... .......... .......... .......... 27% 7.27M 2s
  3400K .......... .......... .......... .......... .......... 27% 7.89M 2s
  3450K .......... .......... .......... .......... .......... 28% 6.08M 2s
  3500K .......... .......... .......... .......... .......... 28% 7.83M 2s
  3550K .......... .......... .......... .......... .......... 28% 4.06M 2s
  3600K .......... .......... .......... .......... .......... 29% 7.17M 2s
  3650K .......... .......... .......... .......... .......... 29% 5.90M 2s
  3700K .......... .......... .......... .......... .......... 30% 10.9M 2s
  3750K .......... .......... .......... .......... .......... 30% 7.58M 2s
  3800K .......... .......... .......... .......... .......... 31% 7.46M 2s
  3850K .......... .......... .......... .......... .......... 31% 6.35M 2s
  3900K .......... .......... .......... .......... .......... 31% 8.38M 2s
  3950K .......... .......... .......... .......... .......... 32% 4.82M 2s
  4000K .......... .......... .......... .......... .......... 32% 5.71M 2s
  4050K .......... .......... .......... .......... .......... 33% 7.29M 2s
  4100K .......... .......... .......... .......... .......... 33% 7.41M 2s
  4150K .......... .......... .......... .......... .......... 33% 8.71M 2s
  4200K .......... .......... .......... .......... .......... 34% 9.30M 2s
  4250K .......... .......... .......... .......... .......... 34% 6.10M 2s
  4300K .......... .......... .......... .......... .......... 35% 8.79M 2s
  4350K .......... .......... .......... .......... .......... 35% 8.86M 2s
  4400K .......... .......... .......... .......... .......... 35% 6.04M 2s
  4450K .......... .......... .......... .......... .......... 36% 4.31M 2s
  4500K .......... .......... .......... .......... .......... 36% 8.78M 2s
  4550K .......... .......... .......... .......... .......... 37% 9.14M 2s
  4600K .......... .......... .......... .......... .......... 37% 8.56M 2s
  4650K .......... .......... .......... .......... .......... 37% 6.22M 2s
  4700K .......... .......... .......... .......... .......... 38% 8.75M 2s
  4750K .......... .......... .......... .......... .......... 38% 9.30M 2s
  4800K .......... .......... .......... .......... .......... 39% 9.25M 2s
  4850K .......... .......... .......... .......... .......... 39% 8.65M 1s
  4900K .......... .......... .......... .......... .......... 39% 3.55M 1s
  4950K .......... .......... .......... .......... .......... 40% 9.01M 1s
  5000K .......... .......... .......... .......... .......... 40% 9.53M 1s
  5050K .......... .......... .......... .......... .......... 41% 6.38M 1s
  5100K .......... .......... .......... .......... .......... 41% 9.22M 1s
  5150K .......... .......... .......... .......... .......... 41% 8.70M 1s
  5200K .......... .......... .......... .......... .......... 42% 6.88M 1s
  5250K .......... .......... .......... .......... .......... 42% 15.9M 1s
  5300K .......... .......... .......... .......... .......... 43% 10.0M 1s
  5350K .......... .......... .......... .......... .......... 43% 9.13M 1s
  5400K .......... .......... .......... .......... .......... 43% 3.88M 1s
  5450K .......... .......... .......... .......... .......... 44% 7.49M 1s
  5500K .......... .......... .......... .......... .......... 44% 8.41M 1s
  5550K .......... .......... .......... .......... .......... 45% 8.75M 1s
  5600K .......... .......... .......... .......... .......... 45% 11.0M 1s
  5650K .......... .......... .......... .......... .......... 45% 9.73M 1s
  5700K .......... .......... .......... .......... .......... 46% 8.96M 1s
  5750K .......... .......... .......... .......... .......... 46% 10.7M 1s
  5800K .......... .......... .......... .......... .......... 47% 9.46M 1s
  5850K .......... .......... .......... .......... .......... 47% 7.11M 1s
  5900K .......... .......... .......... .......... .......... 47% 3.79M 1s
  5950K .......... .......... .......... .......... .......... 48% 10.4M 1s
  6000K .......... .......... .......... .......... .......... 48% 10.7M 1s
  6050K .......... .......... .......... .......... .......... 49% 9.32M 1s
  6100K .......... .......... .......... .......... .......... 49% 10.4M 1s
  6150K .......... .......... .......... .......... .......... 49% 11.4M 1s
  6200K .......... .......... .......... .......... .......... 50% 9.06M 1s
  6250K .......... .......... .......... .......... .......... 50% 7.65M 1s
  6300K .......... .......... .......... .......... .......... 51% 11.8M 1s
  6350K .......... .......... .......... .......... .......... 51% 9.21M 1s
  6400K .......... .......... .......... .......... .......... 51% 11.1M 1s
  6450K .......... .......... .......... .......... .......... 52% 3.87M 1s
  6500K .......... .......... .......... .......... .......... 52% 9.19M 1s
  6550K .......... .......... .......... .......... .......... 53% 10.9M 1s
  6600K .......... .......... .......... .......... .......... 53% 7.82M 1s
  6650K .......... .......... .......... .......... .......... 53% 12.0M 1s
  6700K .......... .......... .......... .......... .......... 54% 9.54M 1s
  6750K .......... .......... .......... .......... .......... 54% 11.4M 1s
  6800K .......... .......... .......... .......... .......... 55% 9.82M 1s
  6850K .......... .......... .......... .......... .......... 55% 10.5M 1s
  6900K .......... .......... .......... .......... .......... 55% 11.8M 1s
  6950K .......... .......... .......... .......... .......... 56% 6.96M 1s
  7000K .......... .......... .......... .......... .......... 56% 5.49M 1s
  7050K .......... .......... .......... .......... .......... 57% 10.5M 1s
  7100K .......... .......... .......... .......... .......... 57% 9.36M 1s
  7150K .......... .......... .......... .......... .......... 57% 14.3M 1s
  7200K .......... .......... .......... .......... .......... 58% 9.62M 1s
  7250K .......... .......... .......... .......... .......... 58% 10.6M 1s
  7300K .......... .......... .......... .......... .......... 59% 12.3M 1s
  7350K .......... .......... .......... .......... .......... 59% 6.82M 1s
  7400K .......... .......... .......... .......... .......... 59% 28.4M 1s
  7450K .......... .......... .......... .......... .......... 60% 8.61M 1s
  7500K .......... .......... .......... .......... .......... 60% 10.5M 1s
  7550K .......... .......... .......... .......... .......... 61% 10.4M 1s
  7600K .......... .......... .......... .......... .......... 61% 5.31M 1s
  7650K .......... .......... .......... .......... .......... 62% 8.44M 1s
  7700K .......... .......... .......... .......... .......... 62% 13.8M 1s
  7750K .......... .......... .......... .......... .......... 62% 12.0M 1s
  7800K .......... .......... .......... .......... .......... 63% 13.2M 1s
  7850K .......... .......... .......... .......... .......... 63% 9.03M 1s
  7900K .......... .......... .......... .......... .......... 64% 11.9M 1s
  7950K .......... .......... .......... .......... .......... 64% 11.5M 1s
  8000K .......... .......... .......... .......... .......... 64% 12.2M 1s
  8050K .......... .......... .......... .......... .......... 65% 7.21M 1s
  8100K .......... .......... .......... .......... .......... 65% 29.9M 1s
  8150K .......... .......... .......... .......... .......... 66% 8.51M 1s
  8200K .......... .......... .......... .......... .......... 66% 14.4M 1s
  8250K .......... .......... .......... .......... .......... 66% 4.40M 1s
  8300K .......... .......... .......... .......... .......... 67% 13.5M 1s
  8350K .......... .......... .......... .......... .......... 67% 12.3M 1s
  8400K .......... .......... .......... .......... .......... 68% 8.18M 1s
  8450K .......... .......... .......... .......... .......... 68% 18.7M 1s
  8500K .......... .......... .......... .......... .......... 68% 12.3M 1s
  8550K .......... .......... .......... .......... .......... 69% 12.0M 1s
  8600K .......... .......... .......... .......... .......... 69% 17.0M 1s
  8650K .......... .......... .......... .......... .......... 70% 8.58M 1s
  8700K .......... .......... .......... .......... .......... 70% 10.6M 1s
  8750K .......... .......... .......... .......... .......... 70% 16.8M 1s
  8800K .......... .......... .......... .......... .......... 71% 7.23M 1s
  8850K .......... .......... .......... .......... .......... 71% 25.2M 1s
  8900K .......... .......... .......... .......... .......... 72% 5.00M 1s
  8950K .......... .......... .......... .......... .......... 72% 16.4M 1s
  9000K .......... .......... .......... .......... .......... 72% 9.37M 1s
  9050K .......... .......... .......... .......... .......... 73% 12.5M 1s
  9100K .......... .......... .......... .......... .......... 73% 12.7M 1s
  9150K .......... .......... .......... .......... .......... 74% 11.5M 1s
  9200K .......... .......... .......... .......... .......... 74% 8.69M 0s
  9250K .......... .......... .......... .......... .......... 74% 18.2M 0s
  9300K .......... .......... .......... .......... .......... 75% 17.0M 0s
  9350K .......... .......... .......... .......... .......... 75% 12.2M 0s
  9400K .......... .......... .......... .......... .......... 76% 12.6M 0s
  9450K .......... .......... .......... .......... .......... 76% 10.6M 0s
  9500K .......... .......... .......... .......... .......... 76% 9.99M 0s
  9550K .......... .......... .......... .......... .......... 77% 16.8M 0s
  9600K .......... .......... .......... .......... .......... 77% 5.21M 0s
  9650K .......... .......... .......... .......... .......... 78% 15.4M 0s
  9700K .......... .......... .......... .......... .......... 78% 13.6M 0s
  9750K .......... .......... .......... .......... .......... 78% 14.8M 0s
  9800K .......... .......... .......... .......... .......... 79% 10.6M 0s
  9850K .......... .......... .......... .......... .......... 79% 6.84M 0s
  9900K .......... .......... .......... .......... .......... 80% 25.3M 0s
  9950K .......... .......... .......... .......... .......... 80% 13.6M 0s
 10000K .......... .......... .......... .......... .......... 80% 9.58M 0s
 10050K .......... .......... .......... .......... .......... 81% 25.1M 0s
 10100K .......... .......... .......... .......... .......... 81% 13.9M 0s
 10150K .......... .......... .......... .......... .......... 82% 10.6M 0s
 10200K .......... .......... .......... .......... .......... 82% 14.5M 0s
 10250K .......... .......... .......... .......... .......... 82% 12.2M 0s
 10300K .......... .......... .......... .......... .......... 83% 6.93M 0s
 10350K .......... .......... .......... .......... .......... 83% 12.8M 0s
 10400K .......... .......... .......... .......... .......... 84% 11.8M 0s
 10450K .......... .......... .......... .......... .......... 84% 10.6M 0s
 10500K .......... .......... .......... .......... .......... 84% 16.8M 0s
 10550K .......... .......... .......... .......... .......... 85% 17.1M 0s
 10600K .......... .......... .......... .......... .......... 85% 12.3M 0s
 10650K .......... .......... .......... .......... .......... 86% 9.18M 0s
 10700K .......... .......... .......... .......... .......... 86% 13.2M 0s
 10750K .......... .......... .......... .......... .......... 86% 14.1M 0s
 10800K .......... .......... .......... .......... .......... 87% 15.0M 0s
 10850K .......... .......... .......... .......... .......... 87% 13.1M 0s
 10900K .......... .......... .......... .......... .......... 88% 7.66M 0s
 10950K .......... .......... .......... .......... .......... 88% 21.3M 0s
 11000K .......... .......... .......... .......... .......... 88% 17.1M 0s
 11050K .......... .......... .......... .......... .......... 89% 6.97M 0s
 11100K .......... .......... .......... .......... .......... 89% 12.3M 0s
 11150K .......... .......... .......... .......... .......... 90% 13.3M 0s
 11200K .......... .......... .......... .......... .......... 90% 12.9M 0s
 11250K .......... .......... .......... .......... .......... 90% 23.1M 0s
 11300K .......... .......... .......... .......... .......... 91% 13.5M 0s
 11350K .......... .......... .......... .......... .......... 91% 16.4M 0s
 11400K .......... .......... .......... .......... .......... 92% 8.63M 0s
 11450K .......... .......... .......... .......... .......... 92% 14.1M 0s
 11500K .......... .......... .......... .......... .......... 93% 15.9M 0s
 11550K .......... .......... .......... .......... .......... 93% 15.7M 0s
 11600K .......... .......... .......... .......... .......... 93% 9.49M 0s
 11650K .......... .......... .......... .......... .......... 94% 12.3M 0s
 11700K .......... .......... .......... .......... .......... 94% 16.1M 0s
 11750K .......... .......... .......... .......... .......... 95% 16.2M 0s
 11800K .......... .......... .......... .......... .......... 95% 15.8M 0s
 11850K .......... .......... .......... .......... .......... 95% 4.58M 0s
 11900K .......... .......... .......... .......... .......... 96% 3.43M 0s
 11950K .......... .......... .......... .......... .......... 96% 4.67M 0s
 12000K .......... .......... .......... .......... .......... 97% 7.38M 0s
 12050K .......... .......... .......... .......... .......... 97% 9.94M 0s
 12100K .......... .......... .......... .......... .......... 97% 14.4M 0s
 12150K .......... .......... .......... .......... .......... 98% 16.7M 0s
 12200K .......... .......... .......... .......... .......... 98% 16.8M 0s
 12250K .......... .......... .......... .......... .......... 99% 18.0M 0s
 12300K .......... .......... .......... .......... .......... 99% 22.8M 0s
 12350K .......... .......... .......... .......... .......... 99% 20.8M 0s
 12400K .......... ........                                   100% 23.7M=1.7s

2021-03-21 01:55:18 (7.07 MB/s) - '/osbash/img/cirros-0.4.0-x86_64-disk.img' saved [12716032/12716032]

cirros-0.4.0-x86_64-disk.img: OK
/home/osbash
