Sourcing the admin credentials.
Requesting an authentication token.
+------------+-----------------------------------------------------------------------------------------------------------------------------------------------------------------------------------------+
| Field      | Value                                                                                                                                                                                   |
+------------+-----------------------------------------------------------------------------------------------------------------------------------------------------------------------------------------+
| expires    | 2021-03-21T03:11:18+0000                                                                                                                                                                |
| id         | gAAAAABgVqtGVDMmOVQs-VUeStWN4UqoblVo-qPafJ5fkD7A-ukJHeLb8xcJe2-ugw9qi1cNwZtyAwbzgnYjbrMxKX8z2n8mbf0o8aepiDVjWJvgYBdqWtFpN_9P5POfSh__gyX_d9nOxKQoBmG-Jkv1Kxzy6_f4ts0cm52fZ_KjCq4v-goa5lo |
| project_id | ecf92be2be214a25a8c1e6ca73afe24b                                                                                                                                                        |
| user_id    | 7f21999bd6084558a01a8a6bb779655e                                                                                                                                                        |
+------------+-----------------------------------------------------------------------------------------------------------------------------------------------------------------------------------------+
Sourcing the demo user credentials.
Requesting an authentication token.
+------------+-----------------------------------------------------------------------------------------------------------------------------------------------------------------------------------------+
| Field      | Value                                                                                                                                                                                   |
+------------+-----------------------------------------------------------------------------------------------------------------------------------------------------------------------------------------+
| expires    | 2021-03-21T03:11:20+0000                                                                                                                                                                |
| id         | gAAAAABgVqtIEHeXPv6ZWZR4sWIToyjQANidpTy2v4Pz6LG_46bM1LpcZEF3IYY6c8MNqpp8D65nU7TEAlhzVqOWDAgqYv7ZvlwjJTpxVdmrZcHVFiO2wYaC_UBH-kXpFWXTVl-TI4qNxk6PRnul8wDdBs2kWT7_n2etxmchrHI-hKNFK56Tzgk |
| project_id | 2daf3246004047f89335197e774f97df                                                                                                                                                        |
| user_id    | b0494ae623d14daf9f7d688a48422177                                                                                                                                                        |
+------------+-----------------------------------------------------------------------------------------------------------------------------------------------------------------------------------------+
